<?xml version="1.0" encoding="UTF-8" ?>
<testsuite tests="3" failures="0" name="com.asd.api.ejb.activos.impl.ActivosBeanTest" time="12.65" errors="0" skipped="0">
  <properties>
[...]
</properties>
  <testcase classname="com.asd.api.ejb.activos.impl.ActivosBeanTest" name="testCrearActivoFijo" time="0.836"/>
  <testcase classname="com.asd.api.ejb.activos.impl.ActivosBeanTest" name="testObtenerActivosSerial" time="0.144"/>
  <testcase classname="com.asd.api.ejb.activos.impl.ActivosBeanTest" name="testObtenerActivos" time="0.198"/>
</testsuite>